[debug] [2022-11-19T15:19:30.563Z] ----------------------------------------------------------------------
[debug] [2022-11-19T15:19:30.565Z] Command:       C:\Program Files\nodejs\node.exe C:\Users\S R\AppData\Roaming\npm\node_modules\firebase-tools\lib\bin\firebase.js init
[debug] [2022-11-19T15:19:30.565Z] CLI Version:   11.16.1
[debug] [2022-11-19T15:19:30.565Z] Platform:      win32
[debug] [2022-11-19T15:19:30.565Z] Node Version:  v18.12.1
[debug] [2022-11-19T15:19:30.566Z] Time:          Sat Nov 19 2022 21:19:30 GMT+0600 (Bangladesh Standard Time)
[debug] [2022-11-19T15:19:30.566Z] ----------------------------------------------------------------------
[debug] 
[debug] [2022-11-19T15:19:30.617Z] > command requires scopes: ["email","openid","https://www.googleapis.com/auth/cloudplatformprojects.readonly","https://www.googleapis.com/auth/firebase","https://www.googleapis.com/auth/cloud-platform"]
[debug] [2022-11-19T15:19:30.618Z] > authorizing via signed-in user (shaimrahman2368@gmail.com)
[info] 
     ######## #### ########  ######## ########     ###     ######  ########
     ##        ##  ##     ## ##       ##     ##  ##   ##  ##       ##
     ######    ##  ########  ######   ########  #########  ######  ######
     ##        ##  ##    ##  ##       ##     ## ##     ##       ## ##
     ##       #### ##     ## ######## ########  ##     ##  ######  ########

You're about to initialize a Firebase project in this directory:

  E:\shaim

Before we get started, keep in mind:

  * You are initializing within an existing Firebase project directory

[info] 
=== Project Setup
[info] 
[info] First, let's associate this project directory with a Firebase project.
[info] You can create multiple project aliases by running firebase use --add, 
[info] but for now we'll just set up a default project.
[info] 
[debug] [2022-11-19T15:19:35.806Z] Using project from CLI flag: assignment-10-9ff03
[debug] [2022-11-19T15:19:35.808Z] >>> [apiv2][query] GET https://firebase.googleapis.com/v1beta1/projects/assignment-10-9ff03 [none]
[debug] [2022-11-19T15:19:36.501Z] <<< [apiv2][status] GET https://firebase.googleapis.com/v1beta1/projects/assignment-10-9ff03 200
[debug] [2022-11-19T15:19:36.502Z] <<< [apiv2][body] GET https://firebase.googleapis.com/v1beta1/projects/assignment-10-9ff03 {"projectId":"assignment-10-9ff03","projectNumber":"1018860280199","displayName":"assignment-10","name":"projects/assignment-10-9ff03","resources":{"hostingSite":"assignment-10-9ff03"},"state":"ACTIVE","etag":"1_1e6011f9-7783-4685-9a35-499d78c68cd5"}
[info] i  Using project assignment-10-9ff03 (assignment-10) 
[info] 
=== Hosting Setup
[info] 
[info] Your public directory is the folder (relative to your project directory) that
[info] will contain Hosting assets to be uploaded with firebase deploy. If you
[info] have a build process for your assets, use your build's output directory.
[info] 
